[2016-09-17 16:52:28] START
[2016-09-17 16:52:46] EDIT Water/controllers/default.py: 1
[2016-09-17 16:52:47] EDIT Water/controllers/default.py: 0
[2016-09-17 16:56:04] EDIT Water/controllers/default.py: -1
[2016-09-17 16:56:37] EDIT Water/controllers/default.py: 2
[2016-09-17 16:56:38] EDIT Water/controllers/default.py: 0
[2016-09-17 16:57:37] EDIT Water/controllers/default.py: 1
[2016-09-17 16:59:08] EDIT Water/controllers/default.py: 2
[2016-09-17 16:59:08] EDIT Water/controllers/default.py: 0
[2016-09-17 16:59:19] EDIT Water/views/default/index.html: -48
[2016-09-17 16:59:19] EDIT Water/views/default/index.html: 0
[2016-09-17 17:01:03] EDIT Water/controllers/default.py: 0
[2016-09-17 17:01:03] EDIT Water/controllers/default.py: 0
[2016-09-17 17:01:31] EDIT Water/controllers/default.py: 1
[2016-09-17 17:01:31] EDIT Water/controllers/default.py: 0
[2016-09-17 17:07:08] EDIT Water/controllers/default.py: 0
[2016-09-17 17:07:23] EDIT Water/controllers/default.py: 0
[2016-09-17 17:07:23] EDIT Water/controllers/default.py: 0
[2016-09-17 17:07:27] EDIT Water/controllers/default.py: 0
[2016-09-17 17:07:41] EDIT Water/controllers/default.py: 0
[2016-09-17 17:07:41] EDIT Water/controllers/default.py: 0
[2016-09-17 17:10:16] EDIT Water/controllers/default.py: 0
[2016-09-17 17:10:16] EDIT Water/controllers/default.py: 0
[2016-09-17 17:11:56] EDIT Water/controllers/default.py: 0
[2016-09-17 17:11:56] EDIT Water/controllers/default.py: 0
[2016-09-17 17:11:56] EDIT Water/controllers/default.py: 0
[2016-09-17 17:11:57] EDIT Water/controllers/default.py: 0
[2016-09-17 17:12:28] EDIT Water/controllers/default.py: 0
[2016-09-17 17:12:29] EDIT Water/controllers/default.py: 0
[2016-09-17 17:13:06] EDIT Water/controllers/default.py: 0
[2016-09-17 17:13:06] EDIT Water/controllers/default.py: 0
[2016-09-17 17:13:07] EDIT Water/controllers/default.py: 0
[2016-09-17 17:15:35] EDIT Water/controllers/default.py: 0
[2016-09-17 17:15:35] EDIT Water/controllers/default.py: 0
[2016-09-17 17:15:35] EDIT Water/controllers/default.py: 0
[2016-09-17 17:15:35] EDIT Water/controllers/default.py: 0
[2016-09-17 17:15:35] EDIT Water/controllers/default.py: 0
[2016-09-17 17:15:36] EDIT Water/controllers/default.py: 0
[2016-09-17 17:15:36] EDIT Water/controllers/default.py: 0
[2016-09-17 17:15:36] EDIT Water/controllers/default.py: 0
[2016-09-17 17:16:13] EDIT Water/controllers/default.py: 0
[2016-09-17 17:16:13] EDIT Water/controllers/default.py: 0
[2016-09-17 17:16:19] EDIT Water/controllers/default.py: 0
[2016-09-17 17:16:19] EDIT Water/controllers/default.py: 0
[2016-09-17 17:17:15] EDIT Water/controllers/default.py: 0
[2016-09-17 17:17:15] EDIT Water/controllers/default.py: 0
[2016-09-17 17:17:15] EDIT Water/controllers/default.py: 0
[2016-09-17 17:17:15] EDIT Water/controllers/default.py: 0
[2016-09-17 17:17:16] EDIT Water/controllers/default.py: 0
[2016-09-17 17:18:11] EDIT Water/controllers/default.py: 1
[2016-09-17 17:18:12] EDIT Water/controllers/default.py: 0
[2016-09-17 17:18:12] EDIT Water/controllers/default.py: 0
[2016-09-17 17:18:12] EDIT Water/controllers/default.py: 0
[2016-09-17 17:21:23] EDIT Water/controllers/default.py: 1
[2016-09-17 17:21:24] EDIT Water/controllers/default.py: 0
[2016-09-17 17:21:24] EDIT Water/controllers/default.py: 0
[2016-09-17 17:23:42] EDIT Water/models/db.py: 1
[2016-09-17 17:23:43] EDIT Water/models/db.py: 0
[2016-09-17 17:23:43] EDIT Water/models/db.py: 0
[2016-09-17 17:24:25] EDIT Water/models/db.py: 0
[2016-09-17 17:24:25] EDIT Water/models/db.py: 0
[2016-09-17 17:26:48] EDIT Water/controllers/default.py: 3
[2016-09-17 17:26:48] EDIT Water/controllers/default.py: 0
[2016-09-17 17:26:56] EDIT Water/controllers/default.py: -1
[2016-09-17 17:26:57] EDIT Water/controllers/default.py: 0
[2016-09-17 17:27:07] EDIT Water/controllers/default.py: -1
[2016-09-17 17:27:07] EDIT Water/controllers/default.py: 0
[2016-09-17 17:27:09] EDIT Water/controllers/default.py: 0
[2016-09-17 17:29:07] EDIT Water/controllers/default.py: 0
[2016-09-17 17:29:07] EDIT Water/controllers/default.py: 0
[2016-09-17 17:29:08] EDIT Water/controllers/default.py: 0
[2016-09-17 17:39:15] EDIT Water/controllers/default.py: -8
[2016-09-17 17:41:06] EDIT Water/controllers/default.py: 1
[2016-09-17 17:41:06] EDIT Water/controllers/default.py: 0
[2016-09-17 17:41:06] EDIT Water/controllers/default.py: 0
[2016-09-17 17:41:49] EDIT Water/controllers/default.py: -1
[2016-09-17 17:41:50] EDIT Water/controllers/default.py: 0
[2016-09-17 17:41:50] EDIT Water/controllers/default.py: 0
[2016-09-17 17:41:50] EDIT Water/controllers/default.py: 0
[2016-10-02 14:28:56] EDIT Water/views/default/index.html: 8
[2016-10-02 14:28:57] EDIT Water/views/default/index.html: 0
[2016-10-02 14:28:58] EDIT Water/views/default/index.html: 0
[2016-10-02 14:29:54] EDIT Water/views/default/index.html: 1
[2016-10-02 14:30:14] EDIT Water/views/default/index.html: 1
[2016-10-02 14:30:21] EDIT Water/views/default/index.html: 0
[2016-10-02 14:30:44] EDIT Water/views/default/index.html: 2
[2016-10-02 14:30:45] EDIT Water/views/default/index.html: 0
[2016-10-02 14:30:52] EDIT Water/views/default/index.html: 0
[2016-10-02 14:30:52] EDIT Water/views/default/index.html: 0
[2016-10-02 14:32:12] EDIT Water/views/default/index.html: -3
[2016-10-02 14:32:13] EDIT Water/views/default/index.html: 0
[2016-10-02 14:34:21] EDIT Water/views/default/index.html: 0
[2016-10-02 14:35:45] EDIT Water/views/default/index.html: 3
[2016-10-02 14:35:47] EDIT Water/views/default/index.html: 0
[2016-10-02 14:38:39] EDIT Water/views/default/index.html: 23
[2016-10-02 14:39:03] EDIT Water/views/default/index.html: -15
[2016-10-02 14:39:30] EDIT Water/views/default/index.html: -6
[2016-10-02 14:39:31] EDIT Water/views/default/index.html: 0
[2016-10-02 14:41:06] EDIT Water/views/default/index.html: 0
[2016-10-02 14:41:07] EDIT Water/views/default/index.html: 0
[2016-10-02 14:41:07] EDIT Water/views/default/index.html: 0
[2016-10-02 14:41:27] EDIT Water/views/default/index.html: 0
[2016-10-02 14:41:28] EDIT Water/views/default/index.html: 0
[2016-10-02 14:41:28] EDIT Water/views/default/index.html: 0
[2016-10-02 14:41:28] EDIT Water/views/default/index.html: 0
[2016-10-02 14:41:28] EDIT Water/views/default/index.html: 0
[2016-10-02 14:41:28] EDIT Water/views/default/index.html: 0
[2016-10-02 14:41:28] EDIT Water/views/default/index.html: 0
[2016-10-02 14:41:28] EDIT Water/views/default/index.html: 0
[2016-10-02 14:41:28] EDIT Water/views/default/index.html: 0
[2016-10-02 14:41:28] EDIT Water/views/default/index.html: 0
[2016-10-02 14:41:33] EDIT Water/views/default/index.html: 0
[2016-10-02 14:41:34] EDIT Water/views/default/index.html: 0
[2016-10-02 14:41:43] EDIT Water/views/default/index.html: 0
[2016-10-02 14:41:43] EDIT Water/views/default/index.html: 0
[2016-10-02 14:46:08] EDIT Water/views/default/index.html: 148
[2016-10-02 14:46:25] EDIT Water/views/default/index.html: 0
[2016-10-02 14:46:25] EDIT Water/views/default/index.html: 0
[2016-10-02 14:48:12] EDIT Water/views/default/index.html: 0
[2016-10-02 14:49:15] EDIT Water/views/default/index.html: 0
[2016-10-02 14:49:15] EDIT Water/views/default/index.html: 0
[2016-10-02 14:49:31] EDIT Water/views/default/index.html: 0
[2016-10-02 14:49:31] EDIT Water/views/default/index.html: 0
[2016-10-02 14:52:13] EDIT Water/views/default/index.html: -148
[2016-10-02 14:52:13] EDIT Water/views/default/index.html: 0
[2016-10-02 14:53:26] EDIT Water/views/default/index.html: 1
[2016-10-02 14:53:26] EDIT Water/views/default/index.html: 0
[2016-10-02 14:55:08] EDIT Water/views/default/index.html: 9
[2016-10-02 14:55:08] EDIT Water/views/default/index.html: 0
[2016-10-02 14:55:09] EDIT Water/views/default/index.html: 0
[2016-10-02 14:56:52] EDIT Water/views/default/index.html: 31
[2016-10-02 14:56:52] EDIT Water/views/default/index.html: 0
[2016-10-02 14:57:26] EDIT Water/views/default/index.html: 0
[2016-10-02 14:57:26] EDIT Water/views/default/index.html: 0
[2016-10-02 14:58:14] EDIT Water/views/default/index.html: 0
[2016-10-02 14:58:14] EDIT Water/views/default/index.html: 0
[2016-10-02 14:58:14] EDIT Water/views/default/index.html: 0
[2016-10-02 15:14:06] EDIT Water/views/default/index.html: 7
[2016-10-02 15:16:10] EDIT Water/views/default/index.html: 1
[2016-10-02 15:19:48] EDIT Water/views/default/index.html: 1
[2016-10-02 15:19:48] EDIT Water/views/default/index.html: 0
[2016-10-02 15:20:52] EDIT Water/views/default/index.html: 0
[2016-10-02 15:21:01] EDIT Water/views/default/index.html: 0
[2016-10-02 15:21:18] EDIT Water/views/default/index.html: 0
[2016-10-02 15:21:18] EDIT Water/views/default/index.html: 0
[2016-10-02 15:21:55] EDIT Water/views/default/index.html: 0
[2016-10-02 15:22:12] EDIT Water/views/default/index.html: 0
[2016-10-02 15:22:12] EDIT Water/views/default/index.html: 0
[2016-10-02 15:26:40] EDIT Water/views/default/index.html: 1
[2016-10-02 15:26:40] EDIT Water/views/default/index.html: 0
[2016-10-02 15:28:44] EDIT Water/views/default/index.html: 10
[2016-10-02 15:28:44] EDIT Water/views/default/index.html: 0
[2016-10-02 15:29:05] EDIT Water/views/default/index.html: 3
[2016-10-02 15:29:05] EDIT Water/views/default/index.html: 0
[2016-10-02 15:29:37] EDIT Water/views/default/index.html: 0
[2016-10-02 15:29:37] EDIT Water/views/default/index.html: 0
[2016-10-02 15:30:07] EDIT Water/views/default/index.html: -13
[2016-10-02 15:30:26] EDIT Water/views/default/index.html: -1
[2016-10-02 15:58:09] EDIT Water/views/default/index.html: 21
[2016-10-02 15:58:31] EDIT Water/views/default/index.html: 3
[2016-10-02 16:00:46] EDIT Water/views/default/index.html: -1
[2016-10-02 16:00:47] EDIT Water/views/default/index.html: 0
[2016-10-02 16:00:47] EDIT Water/views/default/index.html: 0
[2016-10-02 16:00:47] EDIT Water/views/default/index.html: 0
[2016-10-02 16:01:26] EDIT Water/views/default/index.html: -23
[2016-10-02 16:03:36] EDIT Water/views/default/index.html: 21
[2016-10-02 16:03:37] EDIT Water/views/default/index.html: 0
[2016-10-02 16:04:09] EDIT Water/views/default/index.html: 1
[2016-10-02 16:04:09] EDIT Water/views/default/index.html: 0
[2016-10-02 16:04:09] EDIT Water/views/default/index.html: 0
[2016-10-02 16:04:09] EDIT Water/views/default/index.html: 0
[2016-10-02 16:04:09] EDIT Water/views/default/index.html: 0
[2016-10-02 16:04:53] EDIT Water/views/default/index.html: -22
[2016-10-02 16:04:54] EDIT Water/views/default/index.html: 0
[2016-10-02 16:04:54] EDIT Water/views/default/index.html: 0
[2016-10-02 16:04:54] EDIT Water/views/default/index.html: 0
[2016-10-02 16:04:54] EDIT Water/views/default/index.html: 0
[2016-10-02 16:04:55] EDIT Water/views/default/index.html: 0
[2016-10-02 16:04:55] EDIT Water/views/default/index.html: 0
[2016-10-02 16:04:55] EDIT Water/views/default/index.html: 0
[2016-10-02 22:38:24] EDIT Water/views/default/index.html: 3
[2016-10-02 22:38:46] EDIT Water/views/default/index.html: 0
[2016-10-02 22:39:35] EDIT Water/views/default/index.html: 0
[2016-10-02 22:39:47] EDIT Water/views/default/index.html: 0
[2016-10-02 22:40:05] EDIT Water/views/default/index.html: 0
[2016-10-02 22:40:23] EDIT Water/views/default/index.html: 0
[2016-10-02 22:40:54] EDIT Water/views/default/index.html: -3
[2016-10-02 22:44:07] EDIT Water/views/default/index.html: 3
[2016-10-02 22:45:09] EDIT Water/views/default/index.html: 0
[2016-10-02 22:45:27] EDIT Water/views/default/index.html: 2
[2016-10-02 22:46:19] EDIT Water/views/default/index.html: -2
[2016-10-02 22:46:25] EDIT Water/views/default/index.html: 0
[2016-10-02 22:47:19] EDIT Water/views/default/index.html: -3
[2016-10-02 22:50:46] EDIT Water/views/default/index.html: 3
[2016-10-02 22:51:12] EDIT Water/views/default/index.html: 0
[2016-10-02 22:51:43] EDIT Water/views/default/index.html: 0
[2016-10-02 22:52:00] EDIT Water/views/default/index.html: 0
[2016-10-02 22:52:25] EDIT Water/views/default/index.html: 2
[2016-10-02 22:54:58] EDIT Water/views/default/index.html: 1
[2016-10-02 22:55:33] EDIT Water/views/default/index.html: 0
[2016-10-02 22:57:19] EDIT Water/views/default/index.html: 0
[2016-10-02 22:59:16] EDIT Water/views/default/index.html: -3
[2016-10-02 23:00:39] EDIT Water/views/default/index.html: 0
[2016-10-02 23:01:18] EDIT Water/views/default/index.html: 0
[2016-10-02 23:01:19] EDIT Water/views/default/index.html: 0
[2016-10-02 23:01:58] EDIT Water/views/default/index.html: -3
[2016-10-02 23:08:15] EDIT Water/views/default/index.html: 3
[2016-10-02 23:09:18] EDIT Water/views/default/index.html: 19
[2016-10-02 23:09:54] EDIT Water/views/default/index.html: -5
[2016-10-02 23:11:06] EDIT Water/views/default/index.html: 0
[2016-10-02 23:11:07] EDIT Water/views/default/index.html: 0
[2016-10-02 23:11:07] EDIT Water/views/default/index.html: 0
[2016-10-02 23:11:38] EDIT Water/views/default/index.html: 0
[2016-10-02 23:11:55] EDIT Water/controllers/default.py: 2
[2016-10-02 23:11:56] EDIT Water/controllers/default.py: 0
[2016-10-02 23:12:10] EDIT Water/controllers/default.py: 0
[2016-10-02 23:12:10] EDIT Water/controllers/default.py: 0
[2016-10-02 23:12:33] CREATE default/year.html: 0
[2016-10-02 23:12:58] EDIT Water/views/default/year.html: 67
[2016-10-02 23:12:58] EDIT Water/views/default/year.html: 0
[2016-10-02 23:13:19] EDIT Water/views/default/index.html: 0
[2016-10-02 23:14:12] EDIT Water/views/default/year.html: -1
[2016-10-02 23:14:36] EDIT Water/views/default/year.html: 1
[2016-10-02 23:14:36] EDIT Water/views/default/year.html: 0
[2016-10-02 23:16:18] EDIT Water/views/default/year.html: 0
[2016-10-02 23:16:18] EDIT Water/views/default/year.html: 0
[2016-10-02 23:16:18] EDIT Water/views/default/year.html: 0
[2016-10-02 23:16:18] EDIT Water/views/default/year.html: 0
[2016-10-02 23:16:18] EDIT Water/views/default/year.html: 0
[2016-10-02 23:16:31] EDIT Water/views/default/year.html: 0
[2016-10-02 23:25:26] EDIT Water/views/default/year.html: 0
[2016-10-02 23:25:27] EDIT Water/views/default/year.html: 0
[2016-10-02 23:26:00] EDIT Water/views/default/year.html: 3
[2016-10-02 23:26:00] EDIT Water/views/default/year.html: 0
[2016-10-02 23:26:20] EDIT Water/views/default/year.html: -3
[2016-10-02 23:26:20] EDIT Water/views/default/year.html: 0
[2016-10-02 23:26:31] EDIT Water/views/default/year.html: 0
[2016-10-02 23:28:19] EDIT Water/views/default/year.html: 0
[2016-10-02 23:28:20] EDIT Water/views/default/year.html: 0
[2016-10-02 23:33:29] EDIT Water/views/default/year.html: 0
[2016-10-02 23:33:30] EDIT Water/views/default/year.html: 0
[2016-10-02 23:34:51] EDIT Water/views/default/year.html: 0
[2016-10-02 23:35:44] EDIT Water/views/default/year.html: 0
[2016-10-02 23:35:45] EDIT Water/views/default/year.html: 0
[2016-10-02 23:35:57] EDIT Water/views/default/year.html: 0
[2016-10-02 23:38:45] EDIT Water/views/default/year.html: 0
[2016-10-02 23:39:02] EDIT Water/views/default/year.html: 0
[2016-10-02 23:39:43] EDIT Water/views/default/year.html: 0
[2016-10-02 23:40:12] EDIT Water/views/default/year.html: 0
[2016-10-02 23:40:59] EDIT Water/views/default/year.html: 0
[2016-10-02 23:41:17] EDIT Water/views/default/year.html: 0
[2016-10-02 23:41:20] EDIT Water/views/default/year.html: 0
[2016-10-02 23:41:34] EDIT Water/views/default/year.html: 0
[2016-10-02 23:41:35] EDIT Water/views/default/year.html: 0
[2016-10-02 23:41:52] EDIT Water/views/default/year.html: 0
[2016-10-02 23:43:04] EDIT Water/views/default/index.html: 3
[2016-10-02 23:43:43] EDIT Water/views/default/index.html: 0
[2016-10-02 23:43:44] EDIT Water/views/default/index.html: 0
[2016-10-02 23:44:31] EDIT Water/views/default/index.html: 0
[2016-10-02 23:44:31] EDIT Water/views/default/index.html: 0
[2016-10-02 23:44:50] CREATE default/hour.html: 0
[2016-10-02 23:45:58] EDIT Water/views/default/hour.html: 44
[2016-10-02 23:45:58] EDIT Water/views/default/hour.html: 0
[2016-10-02 23:45:59] EDIT Water/views/default/hour.html: 0
[2016-10-02 23:45:59] EDIT Water/views/default/hour.html: 0
[2016-10-02 23:45:59] EDIT Water/views/default/hour.html: 0
[2016-10-02 23:45:59] EDIT Water/views/default/hour.html: 0
[2016-10-02 23:46:00] EDIT Water/views/default/hour.html: 0
[2016-10-02 23:46:00] EDIT Water/views/default/hour.html: 0
[2016-10-02 23:46:22] EDIT Water/views/default/index.html: 0
[2016-10-02 23:46:44] EDIT Water/controllers/default.py: 2
[2016-10-02 23:46:44] EDIT Water/controllers/default.py: 0
[2016-10-02 23:48:35] EDIT Water/views/default/hour.html: 0
[2016-10-02 23:49:25] EDIT Water/views/default/hour.html: 0
[2016-10-02 23:51:03] EDIT Water/views/default/hour.html: 0
[2016-10-02 23:52:06] EDIT Water/views/default/hour.html: 0
[2016-10-02 23:52:15] EDIT Water/views/default/hour.html: 0
[2016-10-02 23:52:19] EDIT Water/views/default/hour.html: 0
[2016-10-02 23:52:29] EDIT Water/views/default/hour.html: 0
[2016-10-02 23:52:49] EDIT Water/views/default/hour.html: 0
[2016-10-02 23:53:41] EDIT Water/views/default/hour.html: 0
[2016-10-02 23:54:20] EDIT Water/views/default/hour.html: 0
[2016-10-02 23:54:48] EDIT Water/views/default/hour.html: 0
[2016-10-02 23:54:54] EDIT Water/views/default/hour.html: 0
[2016-10-02 23:54:54] EDIT Water/views/default/hour.html: 0
[2016-10-02 23:55:29] EDIT Water/views/default/hour.html: 0
[2016-10-02 23:55:41] EDIT Water/views/default/hour.html: 0
[2016-10-02 23:55:48] EDIT Water/views/default/hour.html: 0
[2016-10-02 23:56:04] EDIT Water/views/default/hour.html: 0
[2016-10-02 23:56:21] EDIT Water/views/default/hour.html: 0
[2016-10-02 23:56:38] EDIT Water/views/default/hour.html: 0
[2016-10-02 23:57:00] EDIT Water/views/default/hour.html: 0
[2016-10-02 23:57:56] EDIT Water/views/default/hour.html: 0
[2016-10-02 23:59:02] EDIT Water/views/default/hour.html: 1
[2016-10-02 23:59:02] EDIT Water/views/default/hour.html: 0
[2016-10-02 23:59:09] EDIT Water/views/default/hour.html: 0
[2016-10-02 23:59:22] EDIT Water/views/default/hour.html: -1
[2016-10-03 00:00:01] EDIT Water/views/default/hour.html: 0
[2016-10-03 09:06:20] EDIT Water/controllers/default.py: 15
[2016-10-03 09:06:20] EDIT Water/controllers/default.py: 0
[2016-10-03 09:08:38] EDIT Water/models/db.py: 21
[2016-10-03 09:08:38] EDIT Water/models/db.py: 0
[2016-10-03 09:08:57] EDIT Water/models/db.py: 1
[2016-10-03 09:08:58] EDIT Water/models/db.py: 0
[2016-10-03 09:09:25] EDIT Water/views/default/index.html: 3
[2016-10-03 09:09:29] EDIT Water/views/default/index.html: 0
[2016-10-03 09:09:47] EDIT Water/views/default/index.html: 0
[2016-10-03 09:09:48] EDIT Water/views/default/index.html: 0
[2016-10-03 09:12:30] EDIT Water/views/default/index.html: 0
[2016-10-03 09:12:44] CREATE default/login.html: 0
[2016-10-03 09:12:54] EDIT Water/views/default/login.html: -2
[2016-10-03 09:13:05] EDIT Water/views/default/login.html: 1
[2016-10-03 09:13:05] EDIT Water/views/default/login.html: 0
[2016-10-03 09:15:20] EDIT Water/models/db.py: 0
[2016-10-03 09:16:01] EDIT Water/models/db.py: 0
[2016-10-03 09:17:51] EDIT Water/models/db.py: 0
[2016-10-03 09:18:34] EDIT Water/controllers/default.py: 0
[2016-10-03 09:19:16] EDIT Water/controllers/default.py: 0
[2016-10-03 09:20:36] EDIT Water/views/default/index.html: 0
[2016-10-03 09:22:00] EDIT Water/views/default/login.html: 2
[2016-10-03 09:22:15] EDIT Water/views/default/login.html: -2
